<?xml version="1.0" encoding="UTF-8"?>
<testng-results ignored="0" total="24" passed="24" failed="0" skipped="0">
  <reporter-output>
  </reporter-output>
  <suite started-at="2023-11-07T10:11:14 IST" name="Suite" finished-at="2023-11-07T10:19:04 IST" duration-ms="469949">
    <groups>
    </groups>
    <test started-at="2023-11-07T10:11:14 IST" name="Test" finished-at="2023-11-07T10:19:04 IST" duration-ms="469949">
      <class name="TestScenerio.TestMethods_Login">
        <test-method is-config="true" signature="beforeTest()[pri:0, instance:TestScenerio.TestMethods_Login@1530c739]" started-at="2023-11-07T10:11:14 IST" name="beforeTest" finished-at="2023-11-07T10:11:28 IST" duration-ms="14325" status="PASS">
          <reporter-output>
          </reporter-output>
        </test-method> <!-- beforeTest -->
        <test-method signature="verifyLogin_TC1()[pri:1, instance:TestScenerio.TestMethods_Login@1530c739]" started-at="2023-11-07T10:11:28 IST" name="verifyLogin_TC1" finished-at="2023-11-07T10:11:42 IST" duration-ms="13969" status="PASS">
          <reporter-output>
          </reporter-output>
        </test-method> <!-- verifyLogin_TC1 -->
        <test-method signature="verifyLogin_TC2()[pri:2, instance:TestScenerio.TestMethods_Login@1530c739]" started-at="2023-11-07T10:11:42 IST" name="verifyLogin_TC2" finished-at="2023-11-07T10:11:55 IST" duration-ms="13191" status="PASS">
          <reporter-output>
          </reporter-output>
        </test-method> <!-- verifyLogin_TC2 -->
        <test-method signature="verifyLogin_TC3()[pri:3, instance:TestScenerio.TestMethods_Login@1530c739]" started-at="2023-11-07T10:11:55 IST" name="verifyLogin_TC3" finished-at="2023-11-07T10:12:09 IST" duration-ms="13177" status="PASS">
          <reporter-output>
          </reporter-output>
        </test-method> <!-- verifyLogin_TC3 -->
        <test-method signature="verifyLogin_TC4()[pri:4, instance:TestScenerio.TestMethods_Login@1530c739]" started-at="2023-11-07T10:12:09 IST" name="verifyLogin_TC4" finished-at="2023-11-07T10:12:22 IST" duration-ms="13162" status="PASS">
          <reporter-output>
          </reporter-output>
        </test-method> <!-- verifyLogin_TC4 -->
        <test-method signature="verifyLogin_TC5()[pri:5, instance:TestScenerio.TestMethods_Login@1530c739]" started-at="2023-11-07T10:12:22 IST" name="verifyLogin_TC5" finished-at="2023-11-07T10:12:25 IST" duration-ms="2845" status="PASS">
          <reporter-output>
          </reporter-output>
        </test-method> <!-- verifyLogin_TC5 -->
        <test-method signature="verifyLogin_TC6()[pri:6, instance:TestScenerio.TestMethods_Login@1530c739]" started-at="2023-11-07T10:12:25 IST" name="verifyLogin_TC6" finished-at="2023-11-07T10:12:38 IST" duration-ms="13564" status="PASS">
          <reporter-output>
          </reporter-output>
        </test-method> <!-- verifyLogin_TC6 -->
        <test-method signature="verifyEmployeeInfo_TC7()[pri:7, instance:TestScenerio.TestMethods_Login@1530c739]" started-at="2023-11-07T10:12:38 IST" name="verifyEmployeeInfo_TC7" finished-at="2023-11-07T10:13:26 IST" duration-ms="47393" status="PASS">
          <reporter-output>
          </reporter-output>
        </test-method> <!-- verifyEmployeeInfo_TC7 -->
        <test-method signature="verifyEmployeeInfo_TC8()[pri:8, instance:TestScenerio.TestMethods_Login@1530c739]" started-at="2023-11-07T10:13:26 IST" name="verifyEmployeeInfo_TC8" finished-at="2023-11-07T10:14:09 IST" duration-ms="43499" status="PASS">
          <reporter-output>
          </reporter-output>
        </test-method> <!-- verifyEmployeeInfo_TC8 -->
        <test-method signature="verifyEmployeeInfo_TC9()[pri:9, instance:TestScenerio.TestMethods_Login@1530c739]" started-at="2023-11-07T10:14:09 IST" name="verifyEmployeeInfo_TC9" finished-at="2023-11-07T10:14:54 IST" duration-ms="44562" status="PASS">
          <reporter-output>
          </reporter-output>
        </test-method> <!-- verifyEmployeeInfo_TC9 -->
        <test-method signature="verifyEmployeeInfo_TC10()[pri:10, instance:TestScenerio.TestMethods_Login@1530c739]" started-at="2023-11-07T10:14:54 IST" name="verifyEmployeeInfo_TC10" finished-at="2023-11-07T10:15:43 IST" duration-ms="49481" status="PASS">
          <reporter-output>
          </reporter-output>
        </test-method> <!-- verifyEmployeeInfo_TC10 -->
        <test-method signature="verifyEmployeeInfo_TC11()[pri:11, instance:TestScenerio.TestMethods_Login@1530c739]" started-at="2023-11-07T10:15:43 IST" name="verifyEmployeeInfo_TC11" finished-at="2023-11-07T10:16:26 IST" duration-ms="42505" status="PASS">
          <reporter-output>
          </reporter-output>
        </test-method> <!-- verifyEmployeeInfo_TC11 -->
        <test-method signature="verifyEmployeeInfo_TC12()[pri:12, instance:TestScenerio.TestMethods_Login@1530c739]" started-at="2023-11-07T10:16:26 IST" name="verifyEmployeeInfo_TC12" finished-at="2023-11-07T10:16:31 IST" duration-ms="5529" status="PASS">
          <reporter-output>
          </reporter-output>
        </test-method> <!-- verifyEmployeeInfo_TC12 -->
        <test-method signature="verifyEmployeeInfo_TC13()[pri:13, instance:TestScenerio.TestMethods_Login@1530c739]" started-at="2023-11-07T10:16:31 IST" name="verifyEmployeeInfo_TC13" finished-at="2023-11-07T10:16:36 IST" duration-ms="4898" status="PASS">
          <reporter-output>
          </reporter-output>
        </test-method> <!-- verifyEmployeeInfo_TC13 -->
        <test-method signature="verifyEmployeeInfo_TC14()[pri:14, instance:TestScenerio.TestMethods_Login@1530c739]" started-at="2023-11-07T10:16:36 IST" name="verifyEmployeeInfo_TC14" finished-at="2023-11-07T10:17:02 IST" duration-ms="26423" status="PASS">
          <reporter-output>
          </reporter-output>
        </test-method> <!-- verifyEmployeeInfo_TC14 -->
        <test-method signature="verifyEmployeeInfo_TC15()[pri:15, instance:TestScenerio.TestMethods_Login@1530c739]" started-at="2023-11-07T10:17:02 IST" name="verifyEmployeeInfo_TC15" finished-at="2023-11-07T10:17:19 IST" duration-ms="16415" status="PASS">
          <reporter-output>
          </reporter-output>
        </test-method> <!-- verifyEmployeeInfo_TC15 -->
        <test-method signature="verifyEmployeeInfo_TC16()[pri:16, instance:TestScenerio.TestMethods_Login@1530c739]" started-at="2023-11-07T10:17:19 IST" name="verifyEmployeeInfo_TC16" finished-at="2023-11-07T10:17:33 IST" duration-ms="14079" status="PASS">
          <reporter-output>
          </reporter-output>
        </test-method> <!-- verifyEmployeeInfo_TC16 -->
        <test-method signature="verifyEmployeeInfo_TC17()[pri:17, instance:TestScenerio.TestMethods_Login@1530c739]" started-at="2023-11-07T10:17:33 IST" name="verifyEmployeeInfo_TC17" finished-at="2023-11-07T10:17:46 IST" duration-ms="12933" status="PASS">
          <reporter-output>
          </reporter-output>
        </test-method> <!-- verifyEmployeeInfo_TC17 -->
        <test-method signature="verifyEmployeeInfo_TC18()[pri:18, instance:TestScenerio.TestMethods_Login@1530c739]" started-at="2023-11-07T10:17:46 IST" name="verifyEmployeeInfo_TC18" finished-at="2023-11-07T10:17:56 IST" duration-ms="9953" status="PASS">
          <reporter-output>
          </reporter-output>
        </test-method> <!-- verifyEmployeeInfo_TC18 -->
        <test-method signature="verifyEmployeeInfo_TC19()[pri:19, instance:TestScenerio.TestMethods_Login@1530c739]" started-at="2023-11-07T10:17:56 IST" name="verifyEmployeeInfo_TC19" finished-at="2023-11-07T10:18:06 IST" duration-ms="9879" status="PASS">
          <reporter-output>
          </reporter-output>
        </test-method> <!-- verifyEmployeeInfo_TC19 -->
        <test-method signature="AddEmployeeInfo_TC21()[pri:21, instance:TestScenerio.TestMethods_Login@1530c739]" started-at="2023-11-07T10:18:06 IST" name="AddEmployeeInfo_TC21" finished-at="2023-11-07T10:18:11 IST" duration-ms="5649" status="PASS">
          <reporter-output>
          </reporter-output>
        </test-method> <!-- AddEmployeeInfo_TC21 -->
        <test-method signature="AddEmployeeInfo_TC22()[pri:22, instance:TestScenerio.TestMethods_Login@1530c739]" started-at="2023-11-07T10:18:11 IST" name="AddEmployeeInfo_TC22" finished-at="2023-11-07T10:18:17 IST" duration-ms="5353" status="PASS">
          <reporter-output>
          </reporter-output>
        </test-method> <!-- AddEmployeeInfo_TC22 -->
        <test-method signature="AddEmployeeInfo_TC23()[pri:23, instance:TestScenerio.TestMethods_Login@1530c739]" started-at="2023-11-07T10:18:17 IST" name="AddEmployeeInfo_TC23" finished-at="2023-11-07T10:18:33 IST" duration-ms="15910" status="PASS">
          <reporter-output>
          </reporter-output>
        </test-method> <!-- AddEmployeeInfo_TC23 -->
        <test-method signature="AddEmployeeInfo_TC24()[pri:24, instance:TestScenerio.TestMethods_Login@1530c739]" started-at="2023-11-07T10:18:33 IST" name="AddEmployeeInfo_TC24" finished-at="2023-11-07T10:18:48 IST" duration-ms="15585" status="PASS">
          <reporter-output>
          </reporter-output>
        </test-method> <!-- AddEmployeeInfo_TC24 -->
        <test-method signature="AddEmployeeInfo_TC25()[pri:25, instance:TestScenerio.TestMethods_Login@1530c739]" started-at="2023-11-07T10:18:48 IST" name="AddEmployeeInfo_TC25" finished-at="2023-11-07T10:19:04 IST" duration-ms="15617" status="PASS">
          <reporter-output>
          </reporter-output>
        </test-method> <!-- AddEmployeeInfo_TC25 -->
      </class> <!-- TestScenerio.TestMethods_Login -->
    </test> <!-- Test -->
  </suite> <!-- Suite -->
</testng-results>
