<?xml version="1.0" encoding="UTF-8"?>
<testng-results ignored="0" total="22" passed="22" failed="0" skipped="0">
  <reporter-output>
  </reporter-output>
  <suite started-at="2023-11-09T23:35:11 IST" name="Suite" finished-at="2023-11-09T23:38:24 IST" duration-ms="193387">
    <groups>
    </groups>
    <test started-at="2023-11-09T23:35:11 IST" name="Test" finished-at="2023-11-09T23:38:24 IST" duration-ms="193387">
      <class name="TestScenerio.TestMethods_Login">
        <test-method is-config="true" signature="beforeTest()[pri:0, instance:TestScenerio.TestMethods_Login@1530c739]" started-at="2023-11-09T23:35:11 IST" name="beforeTest" finished-at="2023-11-09T23:35:18 IST" duration-ms="7474" status="PASS">
          <reporter-output>
          </reporter-output>
        </test-method> <!-- beforeTest -->
        <test-method signature="verifyLogin_TC1()[pri:1, instance:TestScenerio.TestMethods_Login@1530c739]" started-at="2023-11-09T23:35:18 IST" name="verifyLogin_TC1" finished-at="2023-11-09T23:35:19 IST" duration-ms="750" status="PASS">
          <reporter-output>
          </reporter-output>
        </test-method> <!-- verifyLogin_TC1 -->
        <test-method signature="verifyLogin_TC2()[pri:2, instance:TestScenerio.TestMethods_Login@1530c739]" started-at="2023-11-09T23:35:19 IST" name="verifyLogin_TC2" finished-at="2023-11-09T23:35:21 IST" duration-ms="1391" status="PASS">
          <reporter-output>
          </reporter-output>
        </test-method> <!-- verifyLogin_TC2 -->
        <test-method signature="verifyLogin_TC3()[pri:3, instance:TestScenerio.TestMethods_Login@1530c739]" started-at="2023-11-09T23:35:21 IST" name="verifyLogin_TC3" finished-at="2023-11-09T23:35:23 IST" duration-ms="2265" status="PASS">
          <reporter-output>
          </reporter-output>
        </test-method> <!-- verifyLogin_TC3 -->
        <test-method signature="verifyLogin_TC4()[pri:4, instance:TestScenerio.TestMethods_Login@1530c739]" started-at="2023-11-09T23:35:23 IST" name="verifyLogin_TC4" finished-at="2023-11-09T23:35:23 IST" duration-ms="494" status="PASS">
          <reporter-output>
          </reporter-output>
        </test-method> <!-- verifyLogin_TC4 -->
        <test-method signature="verifyLogin_TC5()[pri:5, instance:TestScenerio.TestMethods_Login@1530c739]" started-at="2023-11-09T23:35:23 IST" name="verifyLogin_TC5" finished-at="2023-11-09T23:35:25 IST" duration-ms="1198" status="PASS">
          <reporter-output>
          </reporter-output>
        </test-method> <!-- verifyLogin_TC5 -->
        <test-method signature="verifyLogin_TC6()[pri:6, instance:TestScenerio.TestMethods_Login@1530c739]" started-at="2023-11-09T23:35:25 IST" name="verifyLogin_TC6" finished-at="2023-11-09T23:35:25 IST" duration-ms="444" status="PASS">
          <reporter-output>
          </reporter-output>
        </test-method> <!-- verifyLogin_TC6 -->
        <test-method signature="verifyEmployeeInfo_TC8()[pri:8, instance:TestScenerio.TestMethods_Login@1530c739]" started-at="2023-11-09T23:35:25 IST" name="verifyEmployeeInfo_TC8" finished-at="2023-11-09T23:35:28 IST" duration-ms="3225" status="PASS">
          <reporter-output>
          </reporter-output>
        </test-method> <!-- verifyEmployeeInfo_TC8 -->
        <test-method signature="verifyEmployeeInfo_TC9()[pri:9, instance:TestScenerio.TestMethods_Login@1530c739]" started-at="2023-11-09T23:35:28 IST" name="verifyEmployeeInfo_TC9" finished-at="2023-11-09T23:36:04 IST" duration-ms="35874" status="PASS">
          <reporter-output>
          </reporter-output>
        </test-method> <!-- verifyEmployeeInfo_TC9 -->
        <test-method signature="verifyEmployeeInfo_TC10()[pri:10, instance:TestScenerio.TestMethods_Login@1530c739]" started-at="2023-11-09T23:36:04 IST" name="verifyEmployeeInfo_TC10" finished-at="2023-11-09T23:36:40 IST" duration-ms="35680" status="PASS">
          <reporter-output>
          </reporter-output>
        </test-method> <!-- verifyEmployeeInfo_TC10 -->
        <test-method signature="verifyEmployeeInfo_TC11()[pri:11, instance:TestScenerio.TestMethods_Login@1530c739]" started-at="2023-11-09T23:36:40 IST" name="verifyEmployeeInfo_TC11" finished-at="2023-11-09T23:37:15 IST" duration-ms="35688" status="PASS">
          <reporter-output>
          </reporter-output>
        </test-method> <!-- verifyEmployeeInfo_TC11 -->
        <test-method signature="verifyEmployeeInfo_TC12()[pri:12, instance:TestScenerio.TestMethods_Login@1530c739]" started-at="2023-11-09T23:37:15 IST" name="verifyEmployeeInfo_TC12" finished-at="2023-11-09T23:37:51 IST" duration-ms="35681" status="PASS">
          <reporter-output>
          </reporter-output>
        </test-method> <!-- verifyEmployeeInfo_TC12 -->
        <test-method signature="verifyEmployeeInfo_TC13()[pri:13, instance:TestScenerio.TestMethods_Login@1530c739]" started-at="2023-11-09T23:37:51 IST" name="verifyEmployeeInfo_TC13" finished-at="2023-11-09T23:37:53 IST" duration-ms="1968" status="PASS">
          <reporter-output>
          </reporter-output>
        </test-method> <!-- verifyEmployeeInfo_TC13 -->
        <test-method signature="verifyEmployeeInfo_TC14()[pri:14, instance:TestScenerio.TestMethods_Login@1530c739]" started-at="2023-11-09T23:37:53 IST" name="verifyEmployeeInfo_TC14" finished-at="2023-11-09T23:37:55 IST" duration-ms="1436" status="PASS">
          <reporter-output>
          </reporter-output>
        </test-method> <!-- verifyEmployeeInfo_TC14 -->
        <test-method signature="verifyEmployeeInfo_TC15()[pri:15, instance:TestScenerio.TestMethods_Login@1530c739]" started-at="2023-11-09T23:37:55 IST" name="verifyEmployeeInfo_TC15" finished-at="2023-11-09T23:37:58 IST" duration-ms="3464" status="PASS">
          <reporter-output>
          </reporter-output>
        </test-method> <!-- verifyEmployeeInfo_TC15 -->
        <test-method signature="verifyEmployeeInfo_TC16()[pri:16, instance:TestScenerio.TestMethods_Login@1530c739]" started-at="2023-11-09T23:37:58 IST" name="verifyEmployeeInfo_TC16" finished-at="2023-11-09T23:38:00 IST" duration-ms="2319" status="PASS">
          <reporter-output>
          </reporter-output>
        </test-method> <!-- verifyEmployeeInfo_TC16 -->
        <test-method signature="verifyEmployeeInfo_TC17()[pri:17, instance:TestScenerio.TestMethods_Login@1530c739]" started-at="2023-11-09T23:38:00 IST" name="verifyEmployeeInfo_TC17" finished-at="2023-11-09T23:38:03 IST" duration-ms="2522" status="PASS">
          <reporter-output>
          </reporter-output>
        </test-method> <!-- verifyEmployeeInfo_TC17 -->
        <test-method signature="verifyEmployeeInfo_TC18()[pri:18, instance:TestScenerio.TestMethods_Login@1530c739]" started-at="2023-11-09T23:38:03 IST" name="verifyEmployeeInfo_TC18" finished-at="2023-11-09T23:38:06 IST" duration-ms="2766" status="PASS">
          <reporter-output>
          </reporter-output>
        </test-method> <!-- verifyEmployeeInfo_TC18 -->
        <test-method signature="AddEmployeeInfo_TC21()[pri:21, instance:TestScenerio.TestMethods_Login@1530c739]" started-at="2023-11-09T23:38:06 IST" name="AddEmployeeInfo_TC21" finished-at="2023-11-09T23:38:10 IST" duration-ms="4018" status="PASS">
          <reporter-output>
          </reporter-output>
        </test-method> <!-- AddEmployeeInfo_TC21 -->
        <test-method signature="AddEmployeeInfo_TC22()[pri:22, instance:TestScenerio.TestMethods_Login@1530c739]" started-at="2023-11-09T23:38:10 IST" name="AddEmployeeInfo_TC22" finished-at="2023-11-09T23:38:13 IST" duration-ms="3202" status="PASS">
          <reporter-output>
          </reporter-output>
        </test-method> <!-- AddEmployeeInfo_TC22 -->
        <test-method signature="AddEmployeeInfo_TC23()[pri:23, instance:TestScenerio.TestMethods_Login@1530c739]" started-at="2023-11-09T23:38:13 IST" name="AddEmployeeInfo_TC23" finished-at="2023-11-09T23:38:17 IST" duration-ms="4168" status="PASS">
          <reporter-output>
          </reporter-output>
        </test-method> <!-- AddEmployeeInfo_TC23 -->
        <test-method signature="AddEmployeeInfo_TC24()[pri:24, instance:TestScenerio.TestMethods_Login@1530c739]" started-at="2023-11-09T23:38:17 IST" name="AddEmployeeInfo_TC24" finished-at="2023-11-09T23:38:21 IST" duration-ms="3992" status="PASS">
          <reporter-output>
          </reporter-output>
        </test-method> <!-- AddEmployeeInfo_TC24 -->
        <test-method signature="AddEmployeeInfo_TC25()[pri:25, instance:TestScenerio.TestMethods_Login@1530c739]" started-at="2023-11-09T23:38:21 IST" name="AddEmployeeInfo_TC25" finished-at="2023-11-09T23:38:24 IST" duration-ms="3241" status="PASS">
          <reporter-output>
          </reporter-output>
        </test-method> <!-- AddEmployeeInfo_TC25 -->
        <test-method is-config="true" signature="afterTest()[pri:0, instance:TestScenerio.TestMethods_Login@1530c739]" started-at="2023-11-09T23:38:24 IST" name="afterTest" finished-at="2023-11-09T23:38:24 IST" duration-ms="79" status="PASS">
          <reporter-output>
          </reporter-output>
        </test-method> <!-- afterTest -->
      </class> <!-- TestScenerio.TestMethods_Login -->
    </test> <!-- Test -->
  </suite> <!-- Suite -->
</testng-results>
