<?xml version="1.0" encoding="UTF-8"?>
<!-- Generated by org.testng.reporters.JUnitXMLReporter -->
<testsuite ignored="0" hostname="LAPTOP-4FRUIF57" failures="0" tests="6" name="Default test" time="78.105" errors="0" timestamp="2023-10-30T13:14:08 IST">
  <testcase classname="TestScenerio.TestMethods_Login" name="verifyLogin_TC1" time="14.689"/>
  <testcase classname="TestScenerio.TestMethods_Login" name="verifyLogin_TC2" time="13.334"/>
  <testcase classname="TestScenerio.TestMethods_Login" name="verifyLogin_TC3" time="13.297"/>
  <testcase classname="TestScenerio.TestMethods_Login" name="verifyLogin_TC4" time="13.281"/>
  <testcase classname="TestScenerio.TestMethods_Login" name="verifyLogin_TC5" time="2.977"/>
  <testcase classname="TestScenerio.TestMethods_Login" name="verifyLogin_TC6" time="13.681"/>
</testsuite> <!-- Default test -->
