<?xml version="1.0" encoding="UTF-8"?>
<!-- Generated by org.testng.reporters.JUnitXMLReporter -->
<testsuite ignored="0" hostname="LAPTOP-4FRUIF57" failures="0" tests="22" name="Test" time="193.387" errors="0" timestamp="2023-11-09T23:38:24 IST">
  <testcase classname="TestScenerio.TestMethods_Login" name="verifyLogin_TC1" time="0.75"/>
  <testcase classname="TestScenerio.TestMethods_Login" name="verifyLogin_TC2" time="1.391"/>
  <testcase classname="TestScenerio.TestMethods_Login" name="verifyLogin_TC3" time="2.265"/>
  <testcase classname="TestScenerio.TestMethods_Login" name="verifyLogin_TC4" time="0.494"/>
  <testcase classname="TestScenerio.TestMethods_Login" name="verifyLogin_TC5" time="1.198"/>
  <testcase classname="TestScenerio.TestMethods_Login" name="verifyLogin_TC6" time="0.444"/>
  <testcase classname="TestScenerio.TestMethods_Login" name="verifyEmployeeInfo_TC8" time="3.225"/>
  <testcase classname="TestScenerio.TestMethods_Login" name="verifyEmployeeInfo_TC9" time="35.874"/>
  <testcase classname="TestScenerio.TestMethods_Login" name="verifyEmployeeInfo_TC10" time="35.68"/>
  <testcase classname="TestScenerio.TestMethods_Login" name="verifyEmployeeInfo_TC11" time="35.688"/>
  <testcase classname="TestScenerio.TestMethods_Login" name="verifyEmployeeInfo_TC12" time="35.681"/>
  <testcase classname="TestScenerio.TestMethods_Login" name="verifyEmployeeInfo_TC13" time="1.968"/>
  <testcase classname="TestScenerio.TestMethods_Login" name="verifyEmployeeInfo_TC14" time="1.436"/>
  <testcase classname="TestScenerio.TestMethods_Login" name="verifyEmployeeInfo_TC15" time="3.464"/>
  <testcase classname="TestScenerio.TestMethods_Login" name="verifyEmployeeInfo_TC16" time="2.319"/>
  <testcase classname="TestScenerio.TestMethods_Login" name="verifyEmployeeInfo_TC17" time="2.522"/>
  <testcase classname="TestScenerio.TestMethods_Login" name="verifyEmployeeInfo_TC18" time="2.766"/>
  <testcase classname="TestScenerio.TestMethods_Login" name="AddEmployeeInfo_TC21" time="4.018"/>
  <testcase classname="TestScenerio.TestMethods_Login" name="AddEmployeeInfo_TC22" time="3.202"/>
  <testcase classname="TestScenerio.TestMethods_Login" name="AddEmployeeInfo_TC23" time="4.168"/>
  <testcase classname="TestScenerio.TestMethods_Login" name="AddEmployeeInfo_TC24" time="3.992"/>
  <testcase classname="TestScenerio.TestMethods_Login" name="AddEmployeeInfo_TC25" time="3.241"/>
</testsuite> <!-- Test -->
