<?xml version="1.0" encoding="UTF-8"?>
<!-- Generated by org.testng.reporters.JUnitXMLReporter -->
<testsuite ignored="0" hostname="LAPTOP-4FRUIF57" failures="0" tests="24" name="Test" time="469.949" errors="0" timestamp="2023-11-07T10:19:04 IST">
  <testcase classname="TestScenerio.TestMethods_Login" name="verifyLogin_TC1" time="13.969"/>
  <testcase classname="TestScenerio.TestMethods_Login" name="verifyLogin_TC2" time="13.191"/>
  <testcase classname="TestScenerio.TestMethods_Login" name="verifyLogin_TC3" time="13.177"/>
  <testcase classname="TestScenerio.TestMethods_Login" name="verifyLogin_TC4" time="13.162"/>
  <testcase classname="TestScenerio.TestMethods_Login" name="verifyLogin_TC5" time="2.845"/>
  <testcase classname="TestScenerio.TestMethods_Login" name="verifyLogin_TC6" time="13.564"/>
  <testcase classname="TestScenerio.TestMethods_Login" name="verifyEmployeeInfo_TC7" time="47.393"/>
  <testcase classname="TestScenerio.TestMethods_Login" name="verifyEmployeeInfo_TC8" time="43.499"/>
  <testcase classname="TestScenerio.TestMethods_Login" name="verifyEmployeeInfo_TC9" time="44.562"/>
  <testcase classname="TestScenerio.TestMethods_Login" name="verifyEmployeeInfo_TC10" time="49.481"/>
  <testcase classname="TestScenerio.TestMethods_Login" name="verifyEmployeeInfo_TC11" time="42.505"/>
  <testcase classname="TestScenerio.TestMethods_Login" name="verifyEmployeeInfo_TC12" time="5.529"/>
  <testcase classname="TestScenerio.TestMethods_Login" name="verifyEmployeeInfo_TC13" time="4.898"/>
  <testcase classname="TestScenerio.TestMethods_Login" name="verifyEmployeeInfo_TC14" time="26.423"/>
  <testcase classname="TestScenerio.TestMethods_Login" name="verifyEmployeeInfo_TC15" time="16.415"/>
  <testcase classname="TestScenerio.TestMethods_Login" name="verifyEmployeeInfo_TC16" time="14.079"/>
  <testcase classname="TestScenerio.TestMethods_Login" name="verifyEmployeeInfo_TC17" time="12.933"/>
  <testcase classname="TestScenerio.TestMethods_Login" name="verifyEmployeeInfo_TC18" time="9.953"/>
  <testcase classname="TestScenerio.TestMethods_Login" name="verifyEmployeeInfo_TC19" time="9.879"/>
  <testcase classname="TestScenerio.TestMethods_Login" name="AddEmployeeInfo_TC21" time="5.649"/>
  <testcase classname="TestScenerio.TestMethods_Login" name="AddEmployeeInfo_TC22" time="5.353"/>
  <testcase classname="TestScenerio.TestMethods_Login" name="AddEmployeeInfo_TC23" time="15.91"/>
  <testcase classname="TestScenerio.TestMethods_Login" name="AddEmployeeInfo_TC24" time="15.585"/>
  <testcase classname="TestScenerio.TestMethods_Login" name="AddEmployeeInfo_TC25" time="15.617"/>
</testsuite> <!-- Test -->
